2026-04-23 07:42:59,712 - fastapi_template - INFO - [POST] /api/v1/login/access-token -> 200 (82ms) user=anonymous
2026-04-23 07:42:59,802 - fastapi_template - INFO - [GET] /api/v1/users/me -> 200 (7ms) user=admin@example.com
2026-04-23 07:42:59,830 - fastapi_template - INFO - [GET] /api/v1/users/me/full-info -> 200 (6ms) user=admin@example.com
2026-04-23 07:42:59,854 - fastapi_template - INFO - [GET] /api/v1/users/me/permissions -> 200 (3ms) user=admin@example.com
2026-04-23 07:43:00,083 - fastapi_template - INFO - [GET] /api/v1/users/me -> 200 (7ms) user=admin@example.com
2026-04-23 07:43:00,111 - fastapi_template - INFO - [GET] /api/v1/users/me/full-info -> 200 (33ms) user=admin@example.com
2026-04-23 07:43:00,133 - fastapi_template - INFO - [GET] /api/v1/users/me/permissions -> 200 (3ms) user=admin@example.com
2026-04-23 07:43:05,775 - fastapi_template - INFO - [GET] /api/v1/users/me -> 200 (11ms) user=admin@example.com
2026-04-23 07:43:05,795 - fastapi_template - INFO - [GET] /api/v1/users/me/permissions -> 200 (29ms) user=admin@example.com
2026-04-23 07:43:05,814 - fastapi_template - INFO - [GET] /api/v1/users/me/full-info -> 200 (49ms) user=admin@example.com
2026-04-23 07:43:05,865 - fastapi_template - INFO - [GET] /api/v1/operation-logs -> 200 (51ms) user=admin@example.com
2026-04-23 07:44:28,261 - fastapi_template - INFO - [GET] /api/v1/operation-logs -> 200 (20ms) user=admin@example.com
2026-04-23 07:47:49,668 - fastapi_template - INFO - [GET] /api/v1/operation-logs -> 200 (31ms) user=admin@example.com
2026-04-23 07:47:49,712 - fastapi_template - INFO - [GET] /api/v1/operation-logs -> 200 (38ms) user=admin@example.com
2026-04-23 07:47:49,738 - fastapi_template - INFO - [GET] /api/v1/operation-logs -> 200 (7ms) user=admin@example.com
2026-04-23 07:48:27,059 - fastapi_template - INFO - [POST] /api/v1/login/access-token -> 200 (75ms) user=anonymous
2026-04-23 07:48:27,175 - fastapi_template - INFO - [GET] /api/v1/users/me -> 200 (3ms) user=aaawhz@ddde11.com
2026-04-23 07:48:27,207 - fastapi_template - INFO - [GET] /api/v1/users/me/full-info -> 200 (4ms) user=aaawhz@ddde11.com
2026-04-23 07:48:27,245 - fastapi_template - INFO - [GET] /api/v1/users/me/permissions -> 200 (10ms) user=aaawhz@ddde11.com
2026-04-23 07:48:27,632 - fastapi_template - INFO - [GET] /api/v1/users/me -> 200 (10ms) user=aaawhz@ddde11.com
2026-04-23 07:48:27,653 - fastapi_template - INFO - [GET] /api/v1/users/me/full-info -> 200 (30ms) user=aaawhz@ddde11.com
2026-04-23 07:48:27,674 - fastapi_template - INFO - [GET] /api/v1/users/me/permissions -> 200 (50ms) user=aaawhz@ddde11.com
2026-04-23 07:48:29,526 - fastapi_template - INFO - [GET] /api/v1/users/me -> 200 (21ms) user=aaawhz@ddde11.com
2026-04-23 07:48:29,547 - fastapi_template - INFO - [GET] /api/v1/users/me/full-info -> 200 (39ms) user=aaawhz@ddde11.com
2026-04-23 07:48:29,568 - fastapi_template - INFO - [GET] /api/v1/users/me/permissions -> 200 (61ms) user=aaawhz@ddde11.com
2026-04-23 07:48:29,585 - fastapi_template - ERROR - [GET] /api/v1/operation-logs -> 403 (69ms) user=aaawhz@ddde11.com | error: The user doesn't have enough privileges
2026-04-23 07:48:29,608 - fastapi_template - ERROR - [GET] /api/v1/operation-logs/stats -> 403 (91ms) user=aaawhz@ddde11.com | error: The user doesn't have enough privileges
2026-04-23 07:48:30,715 - fastapi_template - ERROR - [GET] /api/v1/operation-logs -> 403 (6ms) user=aaawhz@ddde11.com | error: The user doesn't have enough privileges
2026-04-23 07:48:30,734 - fastapi_template - ERROR - [GET] /api/v1/operation-logs/stats -> 403 (24ms) user=aaawhz@ddde11.com | error: The user doesn't have enough privileges
2026-04-23 07:48:32,748 - fastapi_template - ERROR - [GET] /api/v1/operation-logs -> 403 (3ms) user=aaawhz@ddde11.com | error: The user doesn't have enough privileges
2026-04-23 07:48:32,776 - fastapi_template - ERROR - [GET] /api/v1/operation-logs/stats -> 403 (4ms) user=aaawhz@ddde11.com | error: The user doesn't have enough privileges
2026-04-23 07:49:07,797 - fastapi_template - ERROR - [GET] /api/v1/operation-logs -> 403 (6ms) user=aaawhz@ddde11.com | error: The user doesn't have enough privileges
2026-04-23 07:49:07,816 - fastapi_template - ERROR - [GET] /api/v1/operation-logs/stats -> 403 (24ms) user=aaawhz@ddde11.com | error: The user doesn't have enough privileges
2026-04-23 07:49:20,030 - fastapi_template - INFO - [POST] /api/v1/login/access-token -> 200 (87ms) user=anonymous
2026-04-23 07:49:20,142 - fastapi_template - INFO - [GET] /api/v1/users/me -> 200 (3ms) user=admin@example.com
2026-04-23 07:49:20,169 - fastapi_template - INFO - [GET] /api/v1/users/me/full-info -> 200 (4ms) user=admin@example.com
2026-04-23 07:49:20,192 - fastapi_template - INFO - [GET] /api/v1/users/me/permissions -> 200 (3ms) user=admin@example.com
2026-04-23 07:49:20,605 - fastapi_template - INFO - [GET] /api/v1/users/me -> 200 (9ms) user=admin@example.com
2026-04-23 07:49:20,623 - fastapi_template - INFO - [GET] /api/v1/users/me/permissions -> 200 (25ms) user=admin@example.com
2026-04-23 07:49:20,653 - fastapi_template - INFO - [GET] /api/v1/users/me/full-info -> 200 (56ms) user=admin@example.com
2026-04-23 07:49:23,039 - fastapi_template - INFO - [GET] /api/v1/users/me -> 200 (10ms) user=admin@example.com
2026-04-23 07:49:23,062 - fastapi_template - INFO - [GET] /api/v1/users/me/permissions -> 200 (32ms) user=admin@example.com
2026-04-23 07:49:23,078 - fastapi_template - INFO - [GET] /api/v1/users/me/full-info -> 200 (47ms) user=admin@example.com
2026-04-23 07:49:23,118 - fastapi_template - INFO - [GET] /api/v1/operation-logs -> 200 (20ms) user=admin@example.com
2026-04-23 07:50:05,668 - fastapi_template - INFO - [GET] /api/v1/operation-logs -> 200 (6ms) user=admin@example.com
2026-04-23 07:57:32,716 - fastapi_template - INFO - [GET] /api/v1/operation-logs -> 200 (19ms) user=admin@example.com
2026-04-23 07:58:49,851 - fastapi_template - INFO - [GET] /api/v1/operation-logs -> 200 (19ms) user=admin@example.com
2026-04-23 07:59:05,885 - fastapi_template - INFO - [GET] /api/v1/operation-logs -> 200 (8ms) user=admin@example.com
2026-04-23 07:59:53,141 - fastapi_template - INFO - [GET] /api/v1/operation-logs -> 200 (7ms) user=admin@example.com
2026-04-23 08:16:43,194 - fastapi_template - INFO - [GET] /api/v1/users/me -> 200 (26ms) user=admin@example.com
2026-04-23 08:16:43,222 - fastapi_template - INFO - [GET] /api/v1/users/me/full-info -> 200 (44ms) user=admin@example.com
2026-04-23 08:16:43,242 - fastapi_template - INFO - [GET] /api/v1/users/me/permissions -> 200 (63ms) user=admin@example.com
2026-04-23 08:16:43,502 - fastapi_template - INFO - [GET] /api/v1/users/me -> 200 (13ms) user=admin@example.com
2026-04-23 08:16:43,524 - fastapi_template - INFO - [GET] /api/v1/users/me/permissions -> 200 (30ms) user=admin@example.com
2026-04-23 08:16:43,545 - fastapi_template - INFO - [GET] /api/v1/users/me/full-info -> 200 (53ms) user=admin@example.com
2026-04-23 08:16:43,582 - fastapi_template - INFO - [GET] /api/v1/users/me -> 200 (40ms) user=admin@example.com
2026-04-23 08:16:43,603 - fastapi_template - INFO - [GET] /api/v1/users/me/permissions -> 200 (58ms) user=admin@example.com
2026-04-23 08:16:43,630 - fastapi_template - INFO - [GET] /api/v1/users/me/full-info -> 200 (54ms) user=admin@example.com
2026-04-23 08:16:43,653 - fastapi_template - INFO - [GET] /api/v1/users/me -> 200 (27ms) user=admin@example.com
2026-04-23 08:16:43,673 - fastapi_template - INFO - [GET] /api/v1/users/me/permissions -> 200 (45ms) user=admin@example.com
2026-04-23 08:16:43,713 - fastapi_template - INFO - [GET] /api/v1/users/me/full-info -> 200 (6ms) user=admin@example.com
2026-04-23 08:16:44,077 - fastapi_template - INFO - [GET] /api/v1/users/me -> 200 (28ms) user=admin@example.com
2026-04-23 08:16:44,102 - fastapi_template - INFO - [GET] /api/v1/users/me/full-info -> 200 (51ms) user=admin@example.com
2026-04-23 08:16:44,125 - fastapi_template - INFO - [GET] /api/v1/users/me/permissions -> 200 (72ms) user=admin@example.com
2026-04-23 08:16:44,181 - fastapi_template - INFO - [GET] /api/v1/operation-logs -> 200 (115ms) user=admin@example.com
2026-04-23 08:16:44,295 - fastapi_template - INFO - [GET] /api/v1/users/me/permissions -> 200 (19ms) user=admin@example.com
2026-04-23 08:16:44,328 - fastapi_template - INFO - [GET] /api/v1/users/me -> 200 (57ms) user=admin@example.com
2026-04-23 08:16:44,350 - fastapi_template - INFO - [GET] /api/v1/users/me/full-info -> 200 (76ms) user=admin@example.com
2026-04-23 08:16:44,401 - fastapi_template - INFO - [GET] /api/v1/users/me/permissions -> 200 (51ms) user=admin@example.com
2026-04-23 08:16:44,422 - fastapi_template - INFO - [GET] /api/v1/users/me/full-info -> 200 (46ms) user=admin@example.com
2026-04-23 08:16:44,440 - fastapi_template - INFO - [GET] /api/v1/operation-logs -> 200 (154ms) user=admin@example.com
2026-04-23 08:16:44,442 - fastapi_template - INFO - [GET] /api/v1/users/me -> 200 (69ms) user=admin@example.com
2026-04-23 08:16:44,501 - fastapi_template - INFO - [GET] /api/v1/users/me/permissions -> 200 (32ms) user=admin@example.com
2026-04-23 08:16:44,520 - fastapi_template - INFO - [GET] /api/v1/users/me/full-info -> 200 (49ms) user=admin@example.com
2026-04-23 08:16:44,556 - fastapi_template - INFO - [GET] /api/v1/operation-logs -> 200 (85ms) user=admin@example.com
2026-04-23 08:16:44,570 - fastapi_template - INFO - [GET] /api/v1/users/me -> 200 (18ms) user=admin@example.com
2026-04-23 08:16:44,614 - fastapi_template - INFO - [GET] /api/v1/operation-logs -> 200 (51ms) user=admin@example.com
2026-04-23 08:22:33,690 - fastapi_template - INFO - [GET] /api/v1/operation-logs -> 200 (45ms) user=admin@example.com
2026-04-23 08:23:13,384 - fastapi_template - INFO - [GET] /api/v1/operation-logs -> 200 (8ms) user=admin@example.com
2026-04-23 08:23:26,182 - fastapi_template - INFO - [GET] /api/v1/users/me -> 200 (16ms) user=admin@example.com
2026-04-23 08:23:26,210 - fastapi_template - INFO - [GET] /api/v1/users/me/full-info -> 200 (41ms) user=admin@example.com
2026-04-23 08:23:26,234 - fastapi_template - INFO - [GET] /api/v1/users/me/permissions -> 200 (64ms) user=admin@example.com
2026-04-23 08:47:05,023 - fastapi_template - INFO - [GET] /api/v1/users/me -> 200 (12ms) user=admin@example.com
2026-04-23 08:47:05,047 - fastapi_template - INFO - [GET] /api/v1/users/me/permissions -> 200 (30ms) user=admin@example.com
2026-04-23 08:47:05,065 - fastapi_template - INFO - [GET] /api/v1/users/me/full-info -> 200 (51ms) user=admin@example.com
2026-04-23 08:47:05,993 - fastapi_template - INFO - [GET] /api/v1/users/me -> 200 (15ms) user=admin@example.com
2026-04-23 08:47:06,024 - fastapi_template - INFO - [GET] /api/v1/users/me/permissions -> 200 (43ms) user=admin@example.com
2026-04-23 08:47:06,043 - fastapi_template - INFO - [GET] /api/v1/users/me/full-info -> 200 (63ms) user=admin@example.com
2026-04-23 08:47:08,792 - fastapi_template - INFO - [GET] /api/v1/users/me -> 200 (21ms) user=admin@example.com
2026-04-23 08:47:08,816 - fastapi_template - INFO - [GET] /api/v1/users/me/permissions -> 200 (43ms) user=admin@example.com
2026-04-23 08:47:08,838 - fastapi_template - INFO - [GET] /api/v1/users/me/full-info -> 200 (65ms) user=admin@example.com
2026-04-23 09:05:16,201 - fastapi_template - INFO - [GET] /api/v1/users/me -> 200 (18ms) user=admin@example.com
2026-04-23 09:05:16,227 - fastapi_template - INFO - [GET] /api/v1/users/me/full-info -> 200 (42ms) user=admin@example.com
2026-04-23 09:05:16,246 - fastapi_template - INFO - [GET] /api/v1/users/me/permissions -> 200 (53ms) user=admin@example.com
2026-04-23 09:05:17,087 - fastapi_template - INFO - [GET] /api/v1/users/me -> 200 (17ms) user=admin@example.com
2026-04-23 09:05:17,111 - fastapi_template - INFO - [GET] /api/v1/users/me/permissions -> 200 (38ms) user=admin@example.com
2026-04-23 09:05:17,280 - fastapi_template - INFO - [GET] /api/v1/users/me/full-info -> 200 (208ms) user=admin@example.com
2026-04-23 09:05:24,213 - fastapi_template - INFO - [GET] /api/v1/users/me -> 200 (4ms) user=admin@example.com
2026-04-23 09:05:24,241 - fastapi_template - INFO - [GET] /api/v1/users/me/full-info -> 200 (4ms) user=admin@example.com
2026-04-23 09:05:24,269 - fastapi_template - INFO - [GET] /api/v1/users/me/permissions -> 200 (5ms) user=admin@example.com
2026-04-23 09:08:53,688 - fastapi_template - INFO - [POST] /api/v1/login/access-token -> 200 (92ms) user=anonymous
2026-04-23 09:09:41,804 - fastapi_template - INFO - [GET] /api/v1/users/me -> 200 (30ms) user=admin@example.com
2026-04-23 09:09:41,832 - fastapi_template - INFO - [GET] /api/v1/users/me/full-info -> 200 (56ms) user=admin@example.com
2026-04-23 09:09:41,847 - fastapi_template - INFO - [GET] /api/v1/users/me/permissions -> 200 (70ms) user=admin@example.com
2026-04-23 09:09:41,879 - fastapi_template - INFO - [GET] /api/v1/users/me/permissions -> 200 (12ms) user=admin@example.com
2026-04-23 09:09:41,902 - fastapi_template - INFO - [GET] /api/v1/users/me/full-info -> 200 (27ms) user=admin@example.com
2026-04-23 09:09:41,922 - fastapi_template - INFO - [GET] /api/v1/users/me -> 200 (45ms) user=admin@example.com
2026-04-23 09:09:41,949 - fastapi_template - INFO - [GET] /api/v1/users/me/permissions -> 200 (49ms) user=admin@example.com
2026-04-23 09:09:41,982 - fastapi_template - INFO - [GET] /api/v1/users/me -> 200 (36ms) user=admin@example.com
2026-04-23 09:09:42,002 - fastapi_template - INFO - [GET] /api/v1/users/me/full-info -> 200 (60ms) user=admin@example.com
2026-04-23 09:09:42,029 - fastapi_template - INFO - [GET] /api/v1/users/me/permissions -> 200 (48ms) user=admin@example.com
2026-04-23 09:09:42,051 - fastapi_template - INFO - [GET] /api/v1/users/me -> 200 (28ms) user=admin@example.com
2026-04-23 09:09:42,068 - fastapi_template - INFO - [GET] /api/v1/users/me/full-info -> 200 (43ms) user=admin@example.com
2026-04-23 09:09:42,733 - fastapi_template - INFO - [GET] /api/v1/users/me -> 200 (13ms) user=admin@example.com
2026-04-23 09:09:42,752 - fastapi_template - INFO - [GET] /api/v1/users/me/full-info -> 200 (29ms) user=admin@example.com
2026-04-23 09:09:42,773 - fastapi_template - INFO - [GET] /api/v1/users/me/permissions -> 200 (49ms) user=admin@example.com
2026-04-23 09:09:43,058 - fastapi_template - INFO - [GET] /api/v1/users/me -> 200 (19ms) user=admin@example.com
2026-04-23 09:09:43,090 - fastapi_template - INFO - [GET] /api/v1/users/me/permissions -> 200 (47ms) user=admin@example.com
2026-04-23 09:09:43,111 - fastapi_template - INFO - [GET] /api/v1/users/me/full-info -> 200 (70ms) user=admin@example.com
2026-04-23 09:09:43,137 - fastapi_template - INFO - [GET] /api/v1/operation-logs -> 200 (93ms) user=admin@example.com
2026-04-23 09:09:43,151 - fastapi_template - INFO - [GET] /api/v1/users/me -> 200 (11ms) user=admin@example.com
2026-04-23 09:09:43,171 - fastapi_template - INFO - [GET] /api/v1/users/me/permissions -> 200 (28ms) user=admin@example.com
2026-04-23 09:09:43,227 - fastapi_template - INFO - [GET] /api/v1/users/me/full-info -> 200 (9ms) user=admin@example.com
2026-04-23 09:09:43,263 - fastapi_template - INFO - [GET] /api/v1/operation-logs -> 200 (44ms) user=admin@example.com
2026-04-23 09:09:43,275 - fastapi_template - INFO - [GET] /api/v1/users/me/permissions -> 200 (7ms) user=admin@example.com
2026-04-23 09:09:43,362 - fastapi_template - INFO - [GET] /api/v1/users/me -> 200 (6ms) user=admin@example.com
2026-04-23 09:09:43,383 - fastapi_template - INFO - [GET] /api/v1/operation-logs -> 200 (28ms) user=admin@example.com
2026-04-23 09:09:43,398 - fastapi_template - INFO - [GET] /api/v1/users/me/full-info -> 200 (7ms) user=admin@example.com
2026-04-23 09:11:37,453 - fastapi_template - INFO - [POST] /api/v1/login/access-token -> 200 (108ms) user=anonymous
2026-04-23 09:17:48,987 - fastapi_template - INFO - [POST] /api/v1/login/access-token -> 200 (125ms) user=anonymous
2026-04-23 09:17:49,121 - fastapi_template - INFO - [GET] /api/v1/users/me -> 200 (5ms) user=aaawhz@11.com
2026-04-23 09:17:49,161 - fastapi_template - INFO - [GET] /api/v1/users/me/full-info -> 200 (8ms) user=aaawhz@11.com
2026-04-23 09:17:49,193 - fastapi_template - INFO - [GET] /api/v1/users/me/permissions -> 200 (10ms) user=aaawhz@11.com
2026-04-23 09:17:49,628 - fastapi_template - INFO - [GET] /api/v1/users/me -> 200 (10ms) user=aaawhz@11.com
2026-04-23 09:17:49,658 - fastapi_template - INFO - [GET] /api/v1/users/me/full-info -> 200 (38ms) user=aaawhz@11.com
2026-04-23 09:17:49,679 - fastapi_template - INFO - [GET] /api/v1/users/me/permissions -> 200 (57ms) user=aaawhz@11.com
2026-04-23 09:18:06,828 - fastapi_template - INFO - [GET] /api/v1/users/me -> 200 (13ms) user=aaawhz@11.com
2026-04-23 09:18:06,848 - fastapi_template - INFO - [GET] /api/v1/users/me/full-info -> 200 (31ms) user=aaawhz@11.com
2026-04-23 09:18:06,877 - fastapi_template - INFO - [GET] /api/v1/users/me/permissions -> 200 (58ms) user=aaawhz@11.com
2026-04-23 09:18:07,444 - fastapi_template - INFO - [GET] /api/v1/users/me -> 200 (11ms) user=aaawhz@11.com
2026-04-23 09:18:07,472 - fastapi_template - INFO - [GET] /api/v1/users/me/full-info -> 200 (38ms) user=aaawhz@11.com
2026-04-23 09:18:07,495 - fastapi_template - INFO - [GET] /api/v1/users/me/permissions -> 200 (59ms) user=aaawhz@11.com
